0 verbose cli /opt/homebrew/Cellar/node/22.2.0/bin/node /opt/homebrew/bin/npm
1 info using npm@10.8.3
2 info using node@v22.2.0
3 silly config load:file:/opt/homebrew/lib/node_modules/npm/npmrc
4 silly config load:file:/Users/mamun/Development/LSOE/WebProject/lsoe-nextjs/.npmrc
5 silly config load:file:/Users/mamun/.npmrc
6 silly config load:file:/opt/homebrew/etc/npmrc
7 verbose title npm install
8 verbose argv "install" "--no-audit" "--no-fund" "--legacy-peer-deps"
9 verbose logfile logs-max:10 dir:/Users/mamun/Development/LSOE/WebProject/lsoe-nextjs/.npm-cache/_logs/2025-10-30T01_22_59_663Z-
10 verbose logfile /Users/mamun/Development/LSOE/WebProject/lsoe-nextjs/.npm-cache/_logs/2025-10-30T01_22_59_663Z-debug-0.log
11 silly packumentCache heap:2197815296 maxSize:549453824 maxEntrySize:274726912
12 silly logfile done cleaning log files
13 silly idealTree buildDeps
14 silly reify moves {}
15 verbose reify failed optional dependency /Users/mamun/Development/LSOE/WebProject/lsoe-nextjs/node_modules/@unrs/resolver-binding-win32-x64-msvc
16 silly reify mark deleted [
16 silly reify   '/Users/mamun/Development/LSOE/WebProject/lsoe-nextjs/node_modules/@unrs/resolver-binding-win32-x64-msvc'
16 silly reify ]
17 verbose reify failed optional dependency /Users/mamun/Development/LSOE/WebProject/lsoe-nextjs/node_modules/@unrs/resolver-binding-win32-ia32-msvc
18 silly reify mark deleted [
18 silly reify   '/Users/mamun/Development/LSOE/WebProject/lsoe-nextjs/node_modules/@unrs/resolver-binding-win32-ia32-msvc'
18 silly reify ]
19 verbose reify failed optional dependency /Users/mamun/Development/LSOE/WebProject/lsoe-nextjs/node_modules/@unrs/resolver-binding-win32-arm64-msvc
20 silly reify mark deleted [
20 silly reify   '/Users/mamun/Development/LSOE/WebProject/lsoe-nextjs/node_modules/@unrs/resolver-binding-win32-arm64-msvc'
20 silly reify ]
21 verbose reify failed optional dependency /Users/mamun/Development/LSOE/WebProject/lsoe-nextjs/node_modules/@unrs/resolver-binding-wasm32-wasi
22 silly reify mark deleted [
22 silly reify   '/Users/mamun/Development/LSOE/WebProject/lsoe-nextjs/node_modules/@unrs/resolver-binding-wasm32-wasi'
22 silly reify ]
23 verbose reify failed optional dependency /Users/mamun/Development/LSOE/WebProject/lsoe-nextjs/node_modules/@napi-rs/wasm-runtime
24 silly reify mark deleted [
24 silly reify   '/Users/mamun/Development/LSOE/WebProject/lsoe-nextjs/node_modules/@napi-rs/wasm-runtime'
24 silly reify ]
25 verbose reify failed optional dependency /Users/mamun/Development/LSOE/WebProject/lsoe-nextjs/node_modules/@emnapi/core
26 silly reify mark deleted [
26 silly reify   '/Users/mamun/Development/LSOE/WebProject/lsoe-nextjs/node_modules/@emnapi/core'
26 silly reify ]
27 verbose reify failed optional dependency /Users/mamun/Development/LSOE/WebProject/lsoe-nextjs/node_modules/@tybys/wasm-util
28 silly reify mark deleted [
28 silly reify   '/Users/mamun/Development/LSOE/WebProject/lsoe-nextjs/node_modules/@tybys/wasm-util'
28 silly reify ]
29 verbose reify failed optional dependency /Users/mamun/Development/LSOE/WebProject/lsoe-nextjs/node_modules/@emnapi/wasi-threads
30 silly reify mark deleted [
30 silly reify   '/Users/mamun/Development/LSOE/WebProject/lsoe-nextjs/node_modules/@emnapi/wasi-threads'
30 silly reify ]
31 verbose reify failed optional dependency /Users/mamun/Development/LSOE/WebProject/lsoe-nextjs/node_modules/@unrs/resolver-binding-linux-x64-musl
32 silly reify mark deleted [
32 silly reify   '/Users/mamun/Development/LSOE/WebProject/lsoe-nextjs/node_modules/@unrs/resolver-binding-linux-x64-musl'
32 silly reify ]
33 verbose reify failed optional dependency /Users/mamun/Development/LSOE/WebProject/lsoe-nextjs/node_modules/@unrs/resolver-binding-linux-x64-gnu
34 silly reify mark deleted [
34 silly reify   '/Users/mamun/Development/LSOE/WebProject/lsoe-nextjs/node_modules/@unrs/resolver-binding-linux-x64-gnu'
34 silly reify ]
35 verbose reify failed optional dependency /Users/mamun/Development/LSOE/WebProject/lsoe-nextjs/node_modules/@unrs/resolver-binding-linux-s390x-gnu
36 silly reify mark deleted [
36 silly reify   '/Users/mamun/Development/LSOE/WebProject/lsoe-nextjs/node_modules/@unrs/resolver-binding-linux-s390x-gnu'
36 silly reify ]
37 verbose reify failed optional dependency /Users/mamun/Development/LSOE/WebProject/lsoe-nextjs/node_modules/@unrs/resolver-binding-linux-riscv64-musl
38 silly reify mark deleted [
38 silly reify   '/Users/mamun/Development/LSOE/WebProject/lsoe-nextjs/node_modules/@unrs/resolver-binding-linux-riscv64-musl'
38 silly reify ]
39 verbose reify failed optional dependency /Users/mamun/Development/LSOE/WebProject/lsoe-nextjs/node_modules/@unrs/resolver-binding-linux-riscv64-gnu
40 silly reify mark deleted [
40 silly reify   '/Users/mamun/Development/LSOE/WebProject/lsoe-nextjs/node_modules/@unrs/resolver-binding-linux-riscv64-gnu'
40 silly reify ]
41 verbose reify failed optional dependency /Users/mamun/Development/LSOE/WebProject/lsoe-nextjs/node_modules/@unrs/resolver-binding-linux-ppc64-gnu
42 silly reify mark deleted [
42 silly reify   '/Users/mamun/Development/LSOE/WebProject/lsoe-nextjs/node_modules/@unrs/resolver-binding-linux-ppc64-gnu'
42 silly reify ]
43 verbose reify failed optional dependency /Users/mamun/Development/LSOE/WebProject/lsoe-nextjs/node_modules/@unrs/resolver-binding-linux-arm64-musl
44 silly reify mark deleted [
44 silly reify   '/Users/mamun/Development/LSOE/WebProject/lsoe-nextjs/node_modules/@unrs/resolver-binding-linux-arm64-musl'
44 silly reify ]
45 verbose reify failed optional dependency /Users/mamun/Development/LSOE/WebProject/lsoe-nextjs/node_modules/@unrs/resolver-binding-linux-arm64-gnu
46 silly reify mark deleted [
46 silly reify   '/Users/mamun/Development/LSOE/WebProject/lsoe-nextjs/node_modules/@unrs/resolver-binding-linux-arm64-gnu'
46 silly reify ]
47 verbose reify failed optional dependency /Users/mamun/Development/LSOE/WebProject/lsoe-nextjs/node_modules/@unrs/resolver-binding-linux-arm-musleabihf
48 silly reify mark deleted [
48 silly reify   '/Users/mamun/Development/LSOE/WebProject/lsoe-nextjs/node_modules/@unrs/resolver-binding-linux-arm-musleabihf'
48 silly reify ]
49 verbose reify failed optional dependency /Users/mamun/Development/LSOE/WebProject/lsoe-nextjs/node_modules/@unrs/resolver-binding-linux-arm-gnueabihf
50 silly reify mark deleted [
50 silly reify   '/Users/mamun/Development/LSOE/WebProject/lsoe-nextjs/node_modules/@unrs/resolver-binding-linux-arm-gnueabihf'
50 silly reify ]
51 verbose reify failed optional dependency /Users/mamun/Development/LSOE/WebProject/lsoe-nextjs/node_modules/@unrs/resolver-binding-freebsd-x64
52 silly reify mark deleted [
52 silly reify   '/Users/mamun/Development/LSOE/WebProject/lsoe-nextjs/node_modules/@unrs/resolver-binding-freebsd-x64'
52 silly reify ]
53 verbose reify failed optional dependency /Users/mamun/Development/LSOE/WebProject/lsoe-nextjs/node_modules/@unrs/resolver-binding-darwin-x64
54 silly reify mark deleted [
54 silly reify   '/Users/mamun/Development/LSOE/WebProject/lsoe-nextjs/node_modules/@unrs/resolver-binding-darwin-x64'
54 silly reify ]
55 verbose reify failed optional dependency /Users/mamun/Development/LSOE/WebProject/lsoe-nextjs/node_modules/@unrs/resolver-binding-android-arm64
56 silly reify mark deleted [
56 silly reify   '/Users/mamun/Development/LSOE/WebProject/lsoe-nextjs/node_modules/@unrs/resolver-binding-android-arm64'
56 silly reify ]
57 verbose reify failed optional dependency /Users/mamun/Development/LSOE/WebProject/lsoe-nextjs/node_modules/@unrs/resolver-binding-android-arm-eabi
58 silly reify mark deleted [
58 silly reify   '/Users/mamun/Development/LSOE/WebProject/lsoe-nextjs/node_modules/@unrs/resolver-binding-android-arm-eabi'
58 silly reify ]
59 verbose reify failed optional dependency /Users/mamun/Development/LSOE/WebProject/lsoe-nextjs/node_modules/@next/swc-win32-x64-msvc
60 silly reify mark deleted [
60 silly reify   '/Users/mamun/Development/LSOE/WebProject/lsoe-nextjs/node_modules/@next/swc-win32-x64-msvc'
60 silly reify ]
61 verbose reify failed optional dependency /Users/mamun/Development/LSOE/WebProject/lsoe-nextjs/node_modules/@next/swc-win32-arm64-msvc
62 silly reify mark deleted [
62 silly reify   '/Users/mamun/Development/LSOE/WebProject/lsoe-nextjs/node_modules/@next/swc-win32-arm64-msvc'
62 silly reify ]
63 verbose reify failed optional dependency /Users/mamun/Development/LSOE/WebProject/lsoe-nextjs/node_modules/@next/swc-linux-x64-musl
64 silly reify mark deleted [
64 silly reify   '/Users/mamun/Development/LSOE/WebProject/lsoe-nextjs/node_modules/@next/swc-linux-x64-musl'
64 silly reify ]
65 verbose reify failed optional dependency /Users/mamun/Development/LSOE/WebProject/lsoe-nextjs/node_modules/@next/swc-linux-x64-gnu
66 silly reify mark deleted [
66 silly reify   '/Users/mamun/Development/LSOE/WebProject/lsoe-nextjs/node_modules/@next/swc-linux-x64-gnu'
66 silly reify ]
67 verbose reify failed optional dependency /Users/mamun/Development/LSOE/WebProject/lsoe-nextjs/node_modules/@next/swc-linux-arm64-musl
68 silly reify mark deleted [
68 silly reify   '/Users/mamun/Development/LSOE/WebProject/lsoe-nextjs/node_modules/@next/swc-linux-arm64-musl'
68 silly reify ]
69 verbose reify failed optional dependency /Users/mamun/Development/LSOE/WebProject/lsoe-nextjs/node_modules/@next/swc-linux-arm64-gnu
70 silly reify mark deleted [
70 silly reify   '/Users/mamun/Development/LSOE/WebProject/lsoe-nextjs/node_modules/@next/swc-linux-arm64-gnu'
70 silly reify ]
71 verbose reify failed optional dependency /Users/mamun/Development/LSOE/WebProject/lsoe-nextjs/node_modules/@next/swc-darwin-x64
72 silly reify mark deleted [
72 silly reify   '/Users/mamun/Development/LSOE/WebProject/lsoe-nextjs/node_modules/@next/swc-darwin-x64'
72 silly reify ]
73 verbose reify failed optional dependency /Users/mamun/Development/LSOE/WebProject/lsoe-nextjs/node_modules/@img/sharp-win32-x64
74 silly reify mark deleted [
74 silly reify   '/Users/mamun/Development/LSOE/WebProject/lsoe-nextjs/node_modules/@img/sharp-win32-x64'
74 silly reify ]
75 verbose reify failed optional dependency /Users/mamun/Development/LSOE/WebProject/lsoe-nextjs/node_modules/@img/sharp-win32-ia32
76 silly reify mark deleted [
76 silly reify   '/Users/mamun/Development/LSOE/WebProject/lsoe-nextjs/node_modules/@img/sharp-win32-ia32'
76 silly reify ]
77 verbose reify failed optional dependency /Users/mamun/Development/LSOE/WebProject/lsoe-nextjs/node_modules/@img/sharp-win32-arm64
78 silly reify mark deleted [
78 silly reify   '/Users/mamun/Development/LSOE/WebProject/lsoe-nextjs/node_modules/@img/sharp-win32-arm64'
78 silly reify ]
79 verbose reify failed optional dependency /Users/mamun/Development/LSOE/WebProject/lsoe-nextjs/node_modules/@img/sharp-wasm32
80 silly reify mark deleted [
80 silly reify   '/Users/mamun/Development/LSOE/WebProject/lsoe-nextjs/node_modules/@img/sharp-wasm32'
80 silly reify ]
81 verbose reify failed optional dependency /Users/mamun/Development/LSOE/WebProject/lsoe-nextjs/node_modules/@img/sharp-linuxmusl-x64
82 silly reify mark deleted [
82 silly reify   '/Users/mamun/Development/LSOE/WebProject/lsoe-nextjs/node_modules/@img/sharp-linuxmusl-x64'
82 silly reify ]
83 verbose reify failed optional dependency /Users/mamun/Development/LSOE/WebProject/lsoe-nextjs/node_modules/@img/sharp-linuxmusl-arm64
84 silly reify mark deleted [
84 silly reify   '/Users/mamun/Development/LSOE/WebProject/lsoe-nextjs/node_modules/@img/sharp-linuxmusl-arm64'
84 silly reify ]
85 verbose reify failed optional dependency /Users/mamun/Development/LSOE/WebProject/lsoe-nextjs/node_modules/@img/sharp-linux-x64
86 silly reify mark deleted [
86 silly reify   '/Users/mamun/Development/LSOE/WebProject/lsoe-nextjs/node_modules/@img/sharp-linux-x64'
86 silly reify ]
87 verbose reify failed optional dependency /Users/mamun/Development/LSOE/WebProject/lsoe-nextjs/node_modules/@img/sharp-linux-s390x
88 silly reify mark deleted [
88 silly reify   '/Users/mamun/Development/LSOE/WebProject/lsoe-nextjs/node_modules/@img/sharp-linux-s390x'
88 silly reify ]
89 verbose reify failed optional dependency /Users/mamun/Development/LSOE/WebProject/lsoe-nextjs/node_modules/@img/sharp-linux-ppc64
90 silly reify mark deleted [
90 silly reify   '/Users/mamun/Development/LSOE/WebProject/lsoe-nextjs/node_modules/@img/sharp-linux-ppc64'
90 silly reify ]
91 verbose reify failed optional dependency /Users/mamun/Development/LSOE/WebProject/lsoe-nextjs/node_modules/@img/sharp-linux-arm64
92 silly reify mark deleted [
92 silly reify   '/Users/mamun/Development/LSOE/WebProject/lsoe-nextjs/node_modules/@img/sharp-linux-arm64'
92 silly reify ]
93 verbose reify failed optional dependency /Users/mamun/Development/LSOE/WebProject/lsoe-nextjs/node_modules/@img/sharp-linux-arm
94 silly reify mark deleted [
94 silly reify   '/Users/mamun/Development/LSOE/WebProject/lsoe-nextjs/node_modules/@img/sharp-linux-arm'
94 silly reify ]
95 verbose reify failed optional dependency /Users/mamun/Development/LSOE/WebProject/lsoe-nextjs/node_modules/@img/sharp-libvips-linuxmusl-x64
96 silly reify mark deleted [
96 silly reify   '/Users/mamun/Development/LSOE/WebProject/lsoe-nextjs/node_modules/@img/sharp-libvips-linuxmusl-x64'
96 silly reify ]
97 verbose reify failed optional dependency /Users/mamun/Development/LSOE/WebProject/lsoe-nextjs/node_modules/@img/sharp-libvips-linuxmusl-arm64
98 silly reify mark deleted [
98 silly reify   '/Users/mamun/Development/LSOE/WebProject/lsoe-nextjs/node_modules/@img/sharp-libvips-linuxmusl-arm64'
98 silly reify ]
99 verbose reify failed optional dependency /Users/mamun/Development/LSOE/WebProject/lsoe-nextjs/node_modules/@img/sharp-libvips-linux-x64
100 silly reify mark deleted [
100 silly reify   '/Users/mamun/Development/LSOE/WebProject/lsoe-nextjs/node_modules/@img/sharp-libvips-linux-x64'
100 silly reify ]
101 verbose reify failed optional dependency /Users/mamun/Development/LSOE/WebProject/lsoe-nextjs/node_modules/@img/sharp-libvips-linux-s390x
102 silly reify mark deleted [
102 silly reify   '/Users/mamun/Development/LSOE/WebProject/lsoe-nextjs/node_modules/@img/sharp-libvips-linux-s390x'
102 silly reify ]
103 verbose reify failed optional dependency /Users/mamun/Development/LSOE/WebProject/lsoe-nextjs/node_modules/@img/sharp-libvips-linux-ppc64
104 silly reify mark deleted [
104 silly reify   '/Users/mamun/Development/LSOE/WebProject/lsoe-nextjs/node_modules/@img/sharp-libvips-linux-ppc64'
104 silly reify ]
105 verbose reify failed optional dependency /Users/mamun/Development/LSOE/WebProject/lsoe-nextjs/node_modules/@img/sharp-libvips-linux-arm64
106 silly reify mark deleted [
106 silly reify   '/Users/mamun/Development/LSOE/WebProject/lsoe-nextjs/node_modules/@img/sharp-libvips-linux-arm64'
106 silly reify ]
107 verbose reify failed optional dependency /Users/mamun/Development/LSOE/WebProject/lsoe-nextjs/node_modules/@img/sharp-libvips-linux-arm
108 silly reify mark deleted [
108 silly reify   '/Users/mamun/Development/LSOE/WebProject/lsoe-nextjs/node_modules/@img/sharp-libvips-linux-arm'
108 silly reify ]
109 verbose reify failed optional dependency /Users/mamun/Development/LSOE/WebProject/lsoe-nextjs/node_modules/@img/sharp-libvips-darwin-x64
110 silly reify mark deleted [
110 silly reify   '/Users/mamun/Development/LSOE/WebProject/lsoe-nextjs/node_modules/@img/sharp-libvips-darwin-x64'
110 silly reify ]
111 verbose reify failed optional dependency /Users/mamun/Development/LSOE/WebProject/lsoe-nextjs/node_modules/@img/sharp-darwin-x64
112 silly reify mark deleted [
112 silly reify   '/Users/mamun/Development/LSOE/WebProject/lsoe-nextjs/node_modules/@img/sharp-darwin-x64'
112 silly reify ]
113 silly tarball no local data for fsevents@https://registry.npmjs.org/fsevents/-/fsevents-2.3.3.tgz. Extracting by manifest.
114 silly tarball no local data for @tybys/wasm-util@https://registry.npmjs.org/@tybys/wasm-util/-/wasm-util-0.10.1.tgz. Extracting by manifest.
115 silly tarball no local data for @emnapi/wasi-threads@https://registry.npmjs.org/@emnapi/wasi-threads/-/wasi-threads-1.1.0.tgz. Extracting by manifest.
116 silly tarball no local data for @napi-rs/wasm-runtime@https://registry.npmjs.org/@napi-rs/wasm-runtime/-/wasm-runtime-0.2.12.tgz. Extracting by manifest.
117 silly tarball no local data for @emnapi/core@https://registry.npmjs.org/@emnapi/core/-/core-1.6.0.tgz. Extracting by manifest.
118 http fetch GET 200 https://registry.npmjs.org/fsevents/-/fsevents-2.3.3.tgz 111ms (cache miss)
119 http fetch GET 200 https://registry.npmjs.org/@emnapi/wasi-threads/-/wasi-threads-1.1.0.tgz 412ms (cache miss)
120 http fetch GET 200 https://registry.npmjs.org/@tybys/wasm-util/-/wasm-util-0.10.1.tgz 460ms (cache miss)
121 http fetch GET 200 https://registry.npmjs.org/@emnapi/core/-/core-1.6.0.tgz 464ms (cache miss)
122 http fetch GET 200 https://registry.npmjs.org/@napi-rs/wasm-runtime/-/wasm-runtime-0.2.12.tgz 539ms (cache miss)
123 silly ADD node_modules/fsevents
124 silly ADD
125 silly ADD
126 silly ADD
127 silly ADD
128 silly ADD
129 silly ADD
130 silly ADD
131 silly ADD
132 silly ADD
133 silly ADD
134 silly ADD
135 silly ADD
136 silly ADD
137 silly ADD
138 silly ADD
139 silly ADD
140 silly ADD
141 silly ADD
142 silly ADD
143 silly ADD
144 silly ADD
145 silly ADD
146 silly ADD
147 silly ADD
148 silly ADD
149 silly ADD
150 silly ADD
151 silly ADD
152 silly ADD
153 silly ADD
154 silly ADD
155 silly ADD
156 silly ADD
157 silly ADD
158 silly ADD
159 silly ADD
160 silly ADD
161 silly ADD
162 silly ADD
163 silly ADD
164 silly ADD
165 silly ADD
166 silly ADD
167 silly ADD
168 silly ADD
169 silly ADD
170 silly ADD
171 silly ADD
172 silly ADD
173 verbose cwd /Users/mamun/Development/LSOE/WebProject/lsoe-nextjs
174 verbose os Darwin 25.0.0
175 verbose node v22.2.0
176 verbose npm  v10.8.3
177 verbose exit 0
178 info ok
